Added Component: Designator=P2(HDR2X10)
Add component (AddParameter): Name = "LatestRevisionDate"; Value = "17-Jul-2002"; VariantName = "[No Variations]"
Add component (AddParameter): Name = "LatestRevisionNote"; Value = "Re-released for DXP Platform."; VariantName = "[No Variations]"
Add component (AddParameter): Name = "Publisher"; Value = "Altium Limited"; VariantName = "[No Variations]"
Added Component: Designator=P3(HDR2X10)
Add component (AddParameter): Name = "LatestRevisionDate"; Value = "17-Jul-2002"; VariantName = "[No Variations]"
Add component (AddParameter): Name = "LatestRevisionNote"; Value = "Re-released for DXP Platform."; VariantName = "[No Variations]"
Add component (AddParameter): Name = "Publisher"; Value = "Altium Limited"; VariantName = "[No Variations]"
Added Component: Designator=U1(PERfECTcore36)
Added Pin To Net: NetName=3V3 Pin=U1-30
Added Net: Name=3V3
Added Pin To Net: NetName=AGND Pin=U1-1
Added Pin To Net: NetName=AGND Pin=U1-35
Added Pin To Net: NetName=AGND Pin=U1-36
Added Net: Name=AGND
Added Pin To Net: NetName=DGND Pin=U1-14
Added Pin To Net: NetName=DGND Pin=U1-27
Added Pin To Net: NetName=DGND Pin=U1-28
Added Pin To Net: NetName=DGND Pin=U1-29
Added Net: Name=DGND
Added Net: Name=NetLED4_1
Added Net: Name=NetR10_1
Added Pin To Net: NetName=NetSW2_1 Pin=U1-31
Added Net: Name=NetSW2_1
Added Pin To Net: NetName=P2 Pin=P3-6
Added Pin To Net: NetName=P2 Pin=U1-2
Added Net: Name=P2
Added Pin To Net: NetName=P3 Pin=P3-8
Added Pin To Net: NetName=P3 Pin=U1-3
Added Net: Name=P3
Added Pin To Net: NetName=P4 Pin=P3-10
Added Pin To Net: NetName=P4 Pin=U1-4
Added Net: Name=P4
Added Pin To Net: NetName=P5 Pin=P3-12
Added Pin To Net: NetName=P5 Pin=U1-5
Added Net: Name=P5
Added Pin To Net: NetName=P6 Pin=P3-14
Added Pin To Net: NetName=P6 Pin=U1-6
Added Net: Name=P6
Added Pin To Net: NetName=P7 Pin=P3-16
Added Pin To Net: NetName=P7 Pin=U1-7
Added Net: Name=P7
Added Pin To Net: NetName=P8 Pin=P3-18
Added Pin To Net: NetName=P8 Pin=U1-8
Added Net: Name=P8
Added Pin To Net: NetName=P9 Pin=P3-20
Added Pin To Net: NetName=P9 Pin=U1-9
Added Net: Name=P9
Added Pin To Net: NetName=P10 Pin=P2-14
Added Pin To Net: NetName=P10 Pin=U1-10
Added Net: Name=P10
Added Pin To Net: NetName=P11 Pin=P2-16
Added Pin To Net: NetName=P11 Pin=U1-11
Added Net: Name=P11
Added Pin To Net: NetName=P12 Pin=P2-18
Added Pin To Net: NetName=P12 Pin=U1-12
Added Net: Name=P12
Added Pin To Net: NetName=P13 Pin=P2-20
Added Pin To Net: NetName=P13 Pin=U1-13
Added Net: Name=P13
Added Pin To Net: NetName=P19 Pin=P2-15
Added Pin To Net: NetName=P19 Pin=U1-19
Added Net: Name=P19
Added Pin To Net: NetName=P20 Pin=P2-13
Added Pin To Net: NetName=P20 Pin=U1-20
Added Net: Name=P20
Added Pin To Net: NetName=P21 Pin=P2-11
Added Pin To Net: NetName=P21 Pin=U1-21
Added Net: Name=P21
Added Pin To Net: NetName=P22 Pin=P2-9
Added Pin To Net: NetName=P22 Pin=U1-22
Added Net: Name=P22
Added Pin To Net: NetName=P23 Pin=P2-7
Added Pin To Net: NetName=P23 Pin=U1-23
Added Net: Name=P23
Added Pin To Net: NetName=P24 Pin=P2-5
Added Pin To Net: NetName=P24 Pin=U1-24
Added Net: Name=P24
Added Pin To Net: NetName=P25 Pin=P2-3
Added Pin To Net: NetName=P25 Pin=U1-25
Added Net: Name=P25
Added Pin To Net: NetName=P26 Pin=P2-1
Added Pin To Net: NetName=P26 Pin=U1-26
Added Net: Name=P26
Added Pin To Net: NetName=P32 Pin=P3-15
Added Pin To Net: NetName=P32 Pin=U1-32
Added Net: Name=P32
Added Pin To Net: NetName=P33 Pin=P3-13
Added Pin To Net: NetName=P33 Pin=U1-33
Added Net: Name=P33
Added Pin To Net: NetName=P34 Pin=P3-11
Added Pin To Net: NetName=P34 Pin=U1-34
Added Net: Name=P34
Added Pin To Net: NetName=PRX Pin=P2-19
Added Pin To Net: NetName=PRX Pin=U1-17
Added Net: Name=PRX
Added Pin To Net: NetName=PTX Pin=P2-17
Added Pin To Net: NetName=PTX Pin=U1-18
Added Net: Name=PTX
Added Net: Name=RX
Added Pin To Net: NetName=SWCLK Pin=U1-16
Added Net: Name=SWCLK
Added Pin To Net: NetName=SWEDIO Pin=U1-15
Added Net: Name=SWEDIO
Added Net: Name=TX
Added Class: Name=PERfECT-PRO2
Added Room: Name=PERfECT-PRO2
