Added Component: Designator=LED1(LC-0603_LED_S1)
Add component (AddParameter): Name = "BOM名称"; Value = "贴片LED"; VariantName = "[No Variations]"
Add component (AddParameter): Name = "学习资源"; Value = "www.ooocke.com"; VariantName = "[No Variations]"
Add component (AddParameter): Name = "版权归属"; Value = "源创客"; VariantName = "[No Variations]"
Added Component: Designator=LED4(LC-0603_LED_S1)
Add component (AddParameter): Name = "BOM名称"; Value = "贴片LED"; VariantName = "[No Variations]"
Add component (AddParameter): Name = "学习资源"; Value = "www.ooocke.com"; VariantName = "[No Variations]"
Add component (AddParameter): Name = "版权归属"; Value = "源创客"; VariantName = "[No Variations]"
Added Component: Designator=R2(LC-0603_R)
Add component (AddParameter): Name = "BOM名称"; Value = "贴片电阻"; VariantName = "[No Variations]"
Add component (AddParameter): Name = "学习资源"; Value = "www.ooocke.com"; VariantName = "[No Variations]"
Add component (AddParameter): Name = "版权归属"; Value = "源创客"; VariantName = "[No Variations]"
Added Pin To Net: NetName=BLE_SWCLK Pin=U2-53
Added Net: Name=BLE_SWCLK
Added Pin To Net: NetName=BLE_SWDIO Pin=U2-51
Added Net: Name=BLE_SWDIO
Added Pin To Net: NetName=D19/SCL Pin=U2-49
Added Net: Name=D19/SCL
Added Pin To Net: NetName=D20/SDA Pin=U2-48
Added Net: Name=D20/SDA
Added Pin To Net: NetName=NetLED1_1 Pin=R2-2
Added Net: Name=NetLED1_1
Added Pin To Net: NetName=NetR2_1 Pin=R2-1
Added Pin To Net: NetName=NetR2_1 Pin=U2-61
Added Net: Name=NetR2_1
Added Member To Class: ClassName=PERfECT-PRO2 Member=Component LED1 Green
Added Member To Class: ClassName=PERfECT-PRO2 Member=Component LED4 Green
Added Member To Class: ClassName=PERfECT-PRO2 Member=Component P0 JTAG
Added Member To Class: ClassName=PERfECT-PRO2 Member=Component R2 1K
