Added Component: Designator=C1(LC-0603_C)
Add component (AddParameter): Name = "BOM名称"; Value = "无极性贴片电容"; VariantName = "[No Variations]"
Add component (AddParameter): Name = "学习资源"; Value = "www.ooocke.com"; VariantName = "[No Variations]"
Add component (AddParameter): Name = "版权归属"; Value = "源创客"; VariantName = "[No Variations]"
Added Component: Designator=R6(LC-0603_R)
Add component (AddParameter): Name = "BOM名称"; Value = "贴片电阻"; VariantName = "[No Variations]"
Add component (AddParameter): Name = "学习资源"; Value = "www.ooocke.com"; VariantName = "[No Variations]"
Add component (AddParameter): Name = "版权归属"; Value = "源创客"; VariantName = "[No Variations]"
Added Component: Designator=R7(LC-0603_R)
Add component (AddParameter): Name = "BOM名称"; Value = "贴片电阻"; VariantName = "[No Variations]"
Add component (AddParameter): Name = "学习资源"; Value = "www.ooocke.com"; VariantName = "[No Variations]"
Add component (AddParameter): Name = "版权归属"; Value = "源创客"; VariantName = "[No Variations]"
Added Pin To Net: NetName=DGND Pin=C1-1
Added Pin To Net: NetName=B+ Pin=C1-2
Added Pin To Net: NetName=D- Pin=R6-1
Added Pin To Net: NetName=NetP0_D- Pin=R6-2
Added Pin To Net: NetName=D+ Pin=R7-1
Added Pin To Net: NetName=NetP0_D+ Pin=R7-2
Added Member To Class: ClassName=PERfECT-PRO2 Member=Component C1 10uF
Added Member To Class: ClassName=PERfECT-PRO2 Member=Component P0 JTAG
Added Member To Class: ClassName=PERfECT-PRO2 Member=Component R6 22R
Added Member To Class: ClassName=PERfECT-PRO2 Member=Component R7 22R
Added Room: Name=PERfECT-PRO2
