Added Pin To Net: NetName=QSPI_CS Pin=U2-44
Added Pin To Net: NetName=QSPI_CS Pin=U4-1
Added Net: Name=QSPI_CS
Added Pin To Net: NetName=QSPI_DATA0 Pin=U2-41
Added Pin To Net: NetName=QSPI_DATA0 Pin=U4-5
Added Net: Name=QSPI_DATA0
Added Pin To Net: NetName=QSPI_DATA1 Pin=U2-46
Added Pin To Net: NetName=QSPI_DATA1 Pin=U4-2
Added Net: Name=QSPI_DATA1
Added Pin To Net: NetName=QSPI_DATA2 Pin=U2-45
Added Pin To Net: NetName=QSPI_DATA2 Pin=U4-3
Added Net: Name=QSPI_DATA2
Added Pin To Net: NetName=QSPI_DATA3 Pin=U2-43
Added Pin To Net: NetName=QSPI_DATA3 Pin=U4-7
Added Net: Name=QSPI_DATA3
Added Pin To Net: NetName=QSPI_SCK Pin=U2-42
Added Pin To Net: NetName=QSPI_SCK Pin=U4-6
Added Net: Name=QSPI_SCK
Added Member To Class: ClassName=PERfECT-PRO2 Member=Component P0 JTAG
Added Room: Name=PERfECT-PRO2
