Added Component: Designator=R9(LC-0603_R)
Add component (AddParameter): Name = "BOM名称"; Value = "贴片电阻"; VariantName = "[No Variations]"
Add component (AddParameter): Name = "学习资源"; Value = "www.ooocke.com"; VariantName = "[No Variations]"
Add component (AddParameter): Name = "版权归属"; Value = "源创客"; VariantName = "[No Variations]"
Added Component: Designator=R10(LC-0603_R)
Add component (AddParameter): Name = "BOM名称"; Value = "贴片电阻"; VariantName = "[No Variations]"
Add component (AddParameter): Name = "学习资源"; Value = "www.ooocke.com"; VariantName = "[No Variations]"
Add component (AddParameter): Name = "版权归属"; Value = "源创客"; VariantName = "[No Variations]"
Added Component: Designator=R11(LC-0603_R)
Add component (AddParameter): Name = "BOM名称"; Value = "贴片电阻"; VariantName = "[No Variations]"
Add component (AddParameter): Name = "学习资源"; Value = "www.ooocke.com"; VariantName = "[No Variations]"
Add component (AddParameter): Name = "版权归属"; Value = "源创客"; VariantName = "[No Variations]"
Added Pin To Net: NetName=DGND Pin=R9-1
Added Pin To Net: NetName=AGND Pin=R9-2
Added Pin To Net: NetName=NetR10_1 Pin=R10-1
Added Pin To Net: NetName=DGND Pin=R10-2
Added Pin To Net: NetName=P21 Pin=R11-1
Added Pin To Net: NetName=NetLED4_1 Pin=R11-2
Added Member To Class: ClassName=PERfECT-PRO2 Member=Component P0 JTAG
Added Member To Class: ClassName=PERfECT-PRO2 Member=Component R9 0Ω
Added Member To Class: ClassName=PERfECT-PRO2 Member=Component R10 1K
Added Member To Class: ClassName=PERfECT-PRO2 Member=Component R11 1K
