Added Component: Designator=J0(GCT_FFC3B07-10-T)
Add component (AddParameter): Name = "Availability"; Value = "Warning"; VariantName = "[No Variations]"
Add component (AddParameter): Name = "BuyPart"; Value = "https://www.snapeda.com/parts/FFC3B07-10-T/Global%20Connector%20Technology/view-part/4223038/?ref=eda"; VariantName = "[No Variations]"
Add component (AddParameter): Name = "DigiKey-Purchase-URL"; Value = "https://snapeda.com/shop?store=DigiKey&id=4223038"; VariantName = "[No Variations]"
Add component (AddParameter): Name = "MF"; Value = "Global Connector Technology"; VariantName = "[No Variations]"
Add component (AddParameter): Name = "MP"; Value = "FFC3B07-10-T"; VariantName = "[No Variations]"
Add component (AddParameter): Name = "Package"; Value = "Package"; VariantName = "[No Variations]"
Add component (AddParameter): Name = "Price"; Value = "None"; VariantName = "[No Variations]"
Add component (AddParameter): Name = "SnapEDA_Link"; Value = "https://www.snapeda.com/parts/FFC3B07-10-T/Global%20Connector%20Technology/view-part/4223038/?ref=snap"; VariantName = "[No Variations]"
Add component (AddParameter): Name = "Value"; Value = ""; VariantName = "[No Variations]"
Added Pin To Net: NetName=P9 Pin=J0-1
Added Pin To Net: NetName=P8 Pin=J0-2
Added Pin To Net: NetName=P7 Pin=J0-3
Added Pin To Net: NetName=P6 Pin=J0-4
Added Pin To Net: NetName=P5 Pin=J0-5
Added Pin To Net: NetName=P4 Pin=J0-6
Added Pin To Net: NetName=P3 Pin=J0-7
Added Pin To Net: NetName=P2 Pin=J0-8
Added Pin To Net: NetName=P34 Pin=J0-9
Added Pin To Net: NetName=AGND Pin=J0-10
Added Pin To Net: NetName=AGND Pin=J0-S1
Added Pin To Net: NetName=AGND Pin=J0-S2
Added Member To Class: ClassName=PERfECT-PRO2 Member=Component J0 FFC3B07-10-T
