Change Component Comment : Designator=TP1 Old Comment= New Comment=TESTPOINTROUND1.5MM
Change Component Comment : Designator=TP2 Old Comment= New Comment=TESTPOINTROUND1.5MM
Change component parameters: Designator = "TP1" ("TP1"); Footprint = "TESTPOINT_ROUND_1.5MM"; UniqueID = "\GKLLKNRJ" ("\GKLLKNRJ")
Change component parameters (AddParameter): Name = "DeviceName"; Value = "ROUND1.5MM"; VariantName = "[No Variations]"
Change component parameters (AddParameter): Name = "DeviceSetName"; Value = "TESTPOINT"; VariantName = "[No Variations]"
Change component parameters (AddParameter): Name = "GateName_1"; Value = "G$1"; VariantName = "[No Variations]"
Change component parameters (AddParameter): Name = "LibraryName"; Value = "microbuilder"; VariantName = "[No Variations]"
Change component parameters (AddParameter): Name = "SymbolName_1"; Value = "TESTPOINT"; VariantName = "[No Variations]"
Change component parameters: Designator = "TP2" ("TP2"); Footprint = "TESTPOINT_ROUND_1.5MM"; UniqueID = "\TCVIKTPQ" ("\TCVIKTPQ")
Change component parameters (AddParameter): Name = "DeviceName"; Value = "ROUND1.5MM"; VariantName = "[No Variations]"
Change component parameters (AddParameter): Name = "DeviceSetName"; Value = "TESTPOINT"; VariantName = "[No Variations]"
Change component parameters (AddParameter): Name = "GateName_1"; Value = "G$1"; VariantName = "[No Variations]"
Change component parameters (AddParameter): Name = "LibraryName"; Value = "microbuilder"; VariantName = "[No Variations]"
Change component parameters (AddParameter): Name = "SymbolName_1"; Value = "TESTPOINT"; VariantName = "[No Variations]"
Added Pin To Net: NetName=B+ Pin=TP1-P$1
Added Pin To Net: NetName=NetC7_2 Pin=TP2-P$1
Change Net Name : Old Net Name=NetC7_2 New Net Name=LDOIN
Added Member To Class: ClassName=PERfECT-PRO2 Member=Component C1 10uF
Added Member To Class: ClassName=PERfECT-PRO2 Member=Component P0 JTAG
Added Member To Class: ClassName=PERfECT-PRO2 Member=Component TP1 TESTPOINTROUND1.5MM
Added Member To Class: ClassName=PERfECT-PRO2 Member=Component TP2 TESTPOINTROUND1.5MM
