Importer Log Report
Project : Adafruit CLUE nRF52840 Express.PrjPcb

Section : Analyze Document - D:\Proj\2022\0108_BLEwork\Adafruit-CLUE-PCB-master\Adafruit CLUE nRF52840 Express.brd
    Analyzing data of D:\Proj\2022\0108_BLEwork\Adafruit-CLUE-PCB-master\Adafruit CLUE nRF52840 Express.brd
    Load settings
    Load layers 176
    Load board
    Load Library "microbuilder"
    Load Packages 23
    Load Library "adafruit_sensor"
    Load Packages 4
    Load Library "adafruit_connector"
    Load Packages 1
    Load Library "adafruit_display"
    Load Packages 1
    Load Library "silks"
    Load Packages 2
    ERROR: Unhandled typemfgpreviewcolors
    ERROR: Unhandled typeerrors
EndSection

Section : Analyze Document - D:\Proj\2022\0108_BLEwork\Adafruit-CLUE-PCB-master\Adafruit CLUE nRF52840 Express.sch
    Analyzing data of D:\Proj\2022\0108_BLEwork\Adafruit-CLUE-PCB-master\Adafruit CLUE nRF52840 Express.sch
    Load settings
    Load layers 176
    Load schematic
    Load Libraries 5
    Load Library "microbuilder"
    Load Packages 107
    Load Symbols 28
    Load DeviceSets 25
    Load Library "adafruit_sensor"
    Load Packages 5
    Load Symbols 4
    Load DeviceSets 4
    Load Library "supply1"
    Load Packages 0
    Load Symbols 1
    Load DeviceSets 1
    Load Library "adafruit_connector"
    Load Packages 4
    Load Symbols 1
    Load DeviceSets 1
    Load Library "adafruit_display"
    Load Packages 1
    Load Symbols 1
    Load DeviceSets 1
    Load Attributes 4
    Load Classes 3
    Load Parts 143
    Load Sheets 1
    ERROR: Unhandled type <errors>
EndSection
